android/app/build/outputs/logs/manifest-merger-release-report.txt
-- Merging decision tree log ---
manifest
ADDED from src\main\AndroidManifest.xml:1:1-42:12
INJECTED from src\main\AndroidManifest.xml:1:1-42:12
INJECTED from src\main\AndroidManifest.xml:1:1-42:12
INJECTED from src\main\AndroidManifest.xml:1:1-42:12
MERGED from [:connectivity] AndroidManifest.xml:2:1-9:12
MERGED from [:shared_preferences_android] AndroidManifest.xml:2:1-7:12
MERGED from [:alert] AndroidManifest.xml:2:1-7:12
MERGED from [:flutter_web_browser] AndroidManifest.xml:2:1-11:12
MERGED from [:in_app_update] AndroidManifest.xml:2:1-7:12
MERGED from [androidx.browser:browser:1.3.0] AndroidManifest.xml:17:1-24:12
MERGED from [com.google.android.play:core:1.8.2] AndroidManifest.xml:2:1-19:12
MERGED from [androidx.fragment:fragment:1.1.0] AndroidManifest.xml:17:1-24:12
MERGED from [androidx.viewpager:viewpager:1.0.0] AndroidManifest.xml:17:1-22:12
MERGED from [androidx.loader:loader:1.0.0] AndroidManifest.xml:17:1-22:12
MERGED from [androidx.activity:activity:1.0.0] AndroidManifest.xml:17:1-24:12
MERGED from [androidx.customview:customview:1.0.0] AndroidManifest.xml:17:1-22:12
MERGED from [androidx.core:core:1.6.0] AndroidManifest.xml:17:1-26:12
MERGED from [androidx.lifecycle:lifecycle-runtime:2.2.0] AndroidManifest.xml:17:1-24:12
MERGED from [androidx.savedstate:savedstate:1.0.0] AndroidManifest.xml:17:1-24:12
MERGED from [androidx.lifecycle:lifecycle-livedata:2.0.0] AndroidManifest.xml:17:1-22:12
MERGED from [androidx.lifecycle:lifecycle-livedata-core:2.0.0] AndroidManifest.xml:17:1-22:12
MERGED from [androidx.tracing:tracing:1.0.0] AndroidManifest.xml:17:1-24:12
MERGED from [androidx.versionedparcelable:versionedparcelable:1.1.1] AndroidManifest.xml:17:1-27:12
MERGED from [androidx.interpolator:interpolator:1.0.0] AndroidManifest.xml:17:1-22:12
MERGED from [androidx.arch.core:core-runtime:2.0.0] AndroidManifest.xml:17:1-22:12
MERGED from [androidx.lifecycle:lifecycle-viewmodel:2.1.0] AndroidManifest.xml:17:1-22:12
MERGED from [androidx.annotation:annotation-experimental:1.1.0] AndroidManifest.xml:17:1-24:12
INJECTED from src\main\AndroidManifest.xml:1:1-42:12
INJECTED from src\main\AndroidManifest.xml:1:1-42:12
INJECTED from src\main\AndroidManifest.xml:1:1-42:12
	package
		ADDED from src\main\AndroidManifest.xml:2:5-40
		INJECTED from src\main\AndroidManifest.xml
		INJECTED from src\main\AndroidManifest.xml
	android:versionName
		INJECTED from src\main\AndroidManifest.xml
		ADDED from src\main\AndroidManifest.xml:1:1-42:12
		INJECTED from src\main\AndroidManifest.xml
	android:versionCode
		INJECTED from src\main\AndroidManifest.xml
		ADDED from src\main\AndroidManifest.xml:1:1-42:12
		INJECTED from src\main\AndroidManifest.xml
	xmlns:android
		ADDED from src\main\AndroidManifest.xml:1:11-69
uses-permission#android.permission.INTERNET
ADDED from src\main\AndroidManifest.xml:3:5-66
	android:name
		ADDED from src\main\AndroidManifest.xml:3:22-64
application
ADDED from src\main\AndroidManifest.xml:4:4-41:19
MERGED from [com.google.android.play:core:1.8.2] AndroidManifest.xml:10:3-17:17
MERGED from [com.google.android.play:core:1.8.2] AndroidManifest.xml:10:3-17:17
MERGED from [androidx.core:core:1.6.0] AndroidManifest.xml:24:5-89
MERGED from [androidx.core:core:1.6.0] AndroidManifest.xml:24:5-89
MERGED from [androidx.versionedparcelable:versionedparcelable:1.1.1] AndroidManifest.xml:24:5-25:19
MERGED from [androidx.versionedparcelable:versionedparcelable:1.1.1] AndroidManifest.xml:24:5-25:19
	android:appComponentFactory
		ADDED from [androidx.core:core:1.6.0] AndroidManifest.xml:24:18-86
	android:label
		ADDED from src\main\AndroidManifest.xml:5:9-38
	android:icon
		ADDED from src\main\AndroidManifest.xml:6:9-43
activity#com.example.coders_castle.MainActivity
ADDED from src\main\AndroidManifest.xml:7:9-35:20
	android:launchMode
		ADDED from src\main\AndroidManifest.xml:9:13-43
	android:hardwareAccelerated
		ADDED from src\main\AndroidManifest.xml:12:13-47
	android:windowSoftInputMode
		ADDED from src\main\AndroidManifest.xml:13:13-55
	android:configChanges
		ADDED from src\main\AndroidManifest.xml:11:13-163
	android:theme
		ADDED from src\main\AndroidManifest.xml:10:13-47
	android:name
		ADDED from src\main\AndroidManifest.xml:8:13-41
meta-data#io.flutter.embedding.android.NormalTheme
ADDED from src\main\AndroidManifest.xml:18:13-21:17
	android:resource
		ADDED from src\main\AndroidManifest.xml:20:15-52
	android:name
		ADDED from src\main\AndroidManifest.xml:19:15-70
meta-data#io.flutter.embedding.android.SplashScreenDrawable
ADDED from src\main\AndroidManifest.xml:27:13-30:17
	android:resource
		ADDED from src\main\AndroidManifest.xml:29:15-61
	android:name
		ADDED from src\main\AndroidManifest.xml:28:15-79
intent-filter#action:name:android.intent.action.MAIN+category:name:android.intent.category.LAUNCHER
ADDED from src\main\AndroidManifest.xml:31:13-34:29
action#android.intent.action.MAIN
ADDED from src\main\AndroidManifest.xml:32:17-68
	android:name
		ADDED from src\main\AndroidManifest.xml:32:25-66
category#android.intent.category.LAUNCHER
ADDED from src\main\AndroidManifest.xml:33:17-76
	android:name
		ADDED from src\main\AndroidManifest.xml:33:27-74
meta-data#flutterEmbedding
ADDED from src\main\AndroidManifest.xml:38:9-40:33
	android:value
		ADDED from src\main\AndroidManifest.xml:40:13-30
	android:name
		ADDED from src\main\AndroidManifest.xml:39:13-44
uses-sdk
INJECTED from src\main\AndroidManifest.xml reason: use-sdk injection requested
INJECTED from src\main\AndroidManifest.xml
INJECTED from src\main\AndroidManifest.xml
MERGED from [:connectivity] AndroidManifest.xml:5:5-44
MERGED from [:connectivity] AndroidManifest.xml:5:5-44
MERGED from [:shared_preferences_android] AndroidManifest.xml:5:5-44
MERGED from [:shared_preferences_android] AndroidManifest.xml:5:5-44
MERGED from [:alert] AndroidManifest.xml:5:5-44
MERGED from [:alert] AndroidManifest.xml:5:5-44
MERGED from [:flutter_web_browser] AndroidManifest.xml:7:5-9:41
MERGED from [:flutter_web_browser] AndroidManifest.xml:7:5-9:41
MERGED from [:in_app_update] AndroidManifest.xml:5:5-44
MERGED from [:in_app_update] AndroidManifest.xml:5:5-44
MERGED from [androidx.browser:browser:1.3.0] AndroidManifest.xml:20:5-22:41
MERGED from [androidx.browser:browser:1.3.0] AndroidManifest.xml:20:5-22:41
MERGED from [com.google.android.play:core:1.8.2] AndroidManifest.xml:4:3-70
MERGED from [com.google.android.play:core:1.8.2] AndroidManifest.xml:4:3-70
MERGED from [androidx.fragment:fragment:1.1.0] AndroidManifest.xml:20:5-22:41
MERGED from [androidx.fragment:fragment:1.1.0] AndroidManifest.xml:20:5-22:41
MERGED from [androidx.viewpager:viewpager:1.0.0] AndroidManifest.xml:20:5-44
MERGED from [androidx.viewpager:viewpager:1.0.0] AndroidManifest.xml:20:5-44
MERGED from [androidx.loader:loader:1.0.0] AndroidManifest.xml:20:5-44
MERGED from [androidx.loader:loader:1.0.0] AndroidManifest.xml:20:5-44
MERGED from [androidx.activity:activity:1.0.0] AndroidManifest.xml:20:5-22:41
MERGED from [androidx.activity:activity:1.0.0] AndroidManifest.xml:20:5-22:41
MERGED from [androidx.customview:customview:1.0.0] AndroidManifest.xml:20:5-44
MERGED from [androidx.customview:customview:1.0.0] AndroidManifest.xml:20:5-44
MERGED from [androidx.core:core:1.6.0] AndroidManifest.xml:20:5-22:41
MERGED from [androidx.core:core:1.6.0] AndroidManifest.xml:20:5-22:41
MERGED from [androidx.lifecycle:lifecycle-runtime:2.2.0] AndroidManifest.xml:20:5-22:41
MERGED from [androidx.lifecycle:lifecycle-runtime:2.2.0] AndroidManifest.xml:20:5-22:41
MERGED from [androidx.savedstate:savedstate:1.0.0] AndroidManifest.xml:20:5-22:41
MERGED from [androidx.savedstate:savedstate:1.0.0] AndroidManifest.xml:20:5-22:41
MERGED from [androidx.lifecycle:lifecycle-livedata:2.0.0] AndroidManifest.xml:20:5-44
MERGED from [androidx.lifecycle:lifecycle-livedata:2.0.0] AndroidManifest.xml:20:5-44
MERGED from [androidx.lifecycle:lifecycle-livedata-core:2.0.0] AndroidManifest.xml:20:5-44
MERGED from [androidx.lifecycle:lifecycle-livedata-core:2.0.0] AndroidManifest.xml:20:5-44
MERGED from [androidx.tracing:tracing:1.0.0] AndroidManifest.xml:20:5-22:41
MERGED from [androidx.tracing:tracing:1.0.0] AndroidManifest.xml:20:5-22:41
MERGED from [androidx.versionedparcelable:versionedparcelable:1.1.1] AndroidManifest.xml:20:5-22:41
MERGED from [androidx.versionedparcelable:versionedparcelable:1.1.1] AndroidManifest.xml:20:5-22:41
MERGED from [androidx.interpolator:interpolator:1.0.0] AndroidManifest.xml:20:5-44
MERGED from [androidx.interpolator:interpolator:1.0.0] AndroidManifest.xml:20:5-44
MERGED from [androidx.arch.core:core-runtime:2.0.0] AndroidManifest.xml:20:5-44
MERGED from [androidx.arch.core:core-runtime:2.0.0] AndroidManifest.xml:20:5-44
MERGED from [androidx.lifecycle:lifecycle-viewmodel:2.1.0] AndroidManifest.xml:20:5-44
MERGED from [androidx.lifecycle:lifecycle-viewmodel:2.1.0] AndroidManifest.xml:20:5-44
MERGED from [androidx.annotation:annotation-experimental:1.1.0] AndroidManifest.xml:20:5-22:41
MERGED from [androidx.annotation:annotation-experimental:1.1.0] AndroidManifest.xml:20:5-22:41
INJECTED from src\main\AndroidManifest.xml
INJECTED from src\main\AndroidManifest.xml
	android:targetSdkVersion
		INJECTED from src\main\AndroidManifest.xml
		ADDED from src\main\AndroidManifest.xml
		INJECTED from src\main\AndroidManifest.xml
	android:minSdkVersion
		INJECTED from src\main\AndroidManifest.xml
		ADDED from src\main\AndroidManifest.xml
		INJECTED from src\main\AndroidManifest.xml
uses-permission#android.permission.ACCESS_NETWORK_STATE
ADDED from [:connectivity] AndroidManifest.xml:7:5-79
	android:name
		ADDED from [:connectivity] AndroidManifest.xml:7:22-76
uses-permission#android.permission.FOREGROUND_SERVICE
ADDED from [com.google.android.play:core:1.8.2] AndroidManifest.xml:8:3-74
	android:name
		ADDED from [com.google.android.play:core:1.8.2] AndroidManifest.xml:8:20-72
activity#com.google.android.play.core.missingsplits.PlayCoreMissingSplitsActivity
ADDED from [com.google.android.play:core:1.8.2] AndroidManifest.xml:12:5-271
	android:process
		ADDED from [com.google.android.play:core:1.8.2] AndroidManifest.xml:12:152-203
	android:enabled
		ADDED from [com.google.android.play:core:1.8.2] AndroidManifest.xml:12:103-126
	android:stateNotNeeded
		ADDED from [com.google.android.play:core:1.8.2] AndroidManifest.xml:12:240-269
	android:launchMode
		ADDED from [com.google.android.play:core:1.8.2] AndroidManifest.xml:12:204-239
	android:exported
		ADDED from [com.google.android.play:core:1.8.2] AndroidManifest.xml:12:127-151
	android:name
		ADDED from [com.google.android.play:core:1.8.2] AndroidManifest.xml:12:15-102
activity#com.google.android.play.core.common.PlayCoreDialogWrapperActivity
ADDED from [com.google.android.play:core:1.8.2] AndroidManifest.xml:13:5-226
	android:enabled
		ADDED from [com.google.android.play:core:1.8.2] AndroidManifest.xml:13:96-119
	android:stateNotNeeded
		ADDED from [com.google.android.play:core:1.8.2] AndroidManifest.xml:13:145-174
	android:exported
		ADDED from [com.google.android.play:core:1.8.2] AndroidManifest.xml:13:120-144
	android:theme
		ADDED from [com.google.android.play:core:1.8.2] AndroidManifest.xml:13:175-224
	android:name
		ADDED from [com.google.android.play:core:1.8.2] AndroidManifest.xml:13:15-95
service#com.google.android.play.core.assetpacks.AssetPackExtractionService
ADDED from [com.google.android.play:core:1.8.2] AndroidManifest.xml:16:5-145
	android:enabled
		ADDED from [com.google.android.play:core:1.8.2] AndroidManifest.xml:16:96-119
	android:exported
		ADDED from [com.google.android.play:core:1.8.2] AndroidManifest.xml:16:120-143
	android:name
		ADDED from [com.google.android.play:core:1.8.2] AndroidManifest.xml:16:14-95